CRITICAL - 2022-11-09 04:29:23 --> The framework needs the following extension(s) installed and loaded: curl, intl, mbstring.
in SYSTEMPATH\CodeIgniter.php on line 224.
 1 SYSTEMPATH\CodeIgniter.php(224): CodeIgniter\Exceptions\FrameworkException::forMissingExtension('curl, intl, mbstring')
 2 SYSTEMPATH\CodeIgniter.php(182): CodeIgniter\CodeIgniter->resolvePlatformExtensions()
 3 ROOTPATH\spark(83): CodeIgniter\CodeIgniter->initialize()
CRITICAL - 2022-11-09 04:29:23 --> Uncaught Error: Call to undefined function CodeIgniter\CLI\mb_strpos() in C:\Users\91941\Desktop\htdocs\codeignitor\system\CLI\CLI.php:776
Stack trace:
#0 C:\Users\91941\Desktop\htdocs\codeignitor\system\CLI\CLI.php(161): CodeIgniter\CLI\CLI::parseCommandLine()
#1 C:\Users\91941\Desktop\htdocs\codeignitor\system\CLI\CLI.php(1018): CodeIgniter\CLI\CLI::init()
#2 C:\Users\91941\Desktop\htdocs\codeignitor\system\Autoloader\Autoloader.php(282): include_once('C:\\Users\\91941\\...')
#3 C:\Users\91941\Desktop\htdocs\codeignitor\system\Autoloader\Autoloader.php(259): CodeIgniter\Autoloader\Autoloader->includeFile('C:\\Users\\91941\\...')
#4 C:\Users\91941\Desktop\htdocs\codeignitor\system\Autoloader\Autoloader.php(237): CodeIgniter\Autoloader\Autoloader->loadInNamespace('CodeIgniter\\CLI...')
#5 C:\Users\91941\Desktop\htdocs\codeignitor\app\Views\errors\cli\error_exception.php(6): CodeIgniter\Autoloader\Autoloader->loadClass('CodeIgniter\\CLI...')
#6 C:\Users\91941\Desktop\htdocs\codeignitor\system\Debug\Exceptions.php(284): include('C:\\Users\\91941\\...')
#7 C:\Users\91941\Desktop\htdocs\codeignitor\system\Debug\Exceptions.php(287): CodeIgniter\Debug\Exceptions->CodeIgniter\Debug\{closure}()
#8 C:\Users\91941\Desktop\htdocs\codeignitor\system\Debug\Exceptions.php(139): CodeIgniter\Debug\Exceptions->render(Object(CodeIgniter\Exceptions\FrameworkException), 500)
#9 [internal function]: CodeIgniter\Debug\Exceptions->exceptionHandler(Object(CodeIgniter\Exceptions\FrameworkException))
#10 {main}
  thrown
in SYSTEMPATH\CLI\CLI.php on line 776.
 1 [internal function]: CodeIgniter\Debug\Exceptions->shutdownHandler()
CRITICAL - 2022-11-09 08:55:19 --> The framework needs the following extension(s) installed and loaded: curl, intl, mbstring.
in SYSTEMPATH\CodeIgniter.php on line 224.
 1 SYSTEMPATH\CodeIgniter.php(224): CodeIgniter\Exceptions\FrameworkException::forMissingExtension('curl, intl, mbstring')
 2 SYSTEMPATH\CodeIgniter.php(182): CodeIgniter\CodeIgniter->resolvePlatformExtensions()
 3 ROOTPATH\spark(83): CodeIgniter\CodeIgniter->initialize()
CRITICAL - 2022-11-09 08:55:19 --> Uncaught Error: Call to undefined function CodeIgniter\CLI\mb_strpos() in C:\Users\91941\Desktop\htdocs\codeignitor\system\CLI\CLI.php:776
Stack trace:
#0 C:\Users\91941\Desktop\htdocs\codeignitor\system\CLI\CLI.php(161): CodeIgniter\CLI\CLI::parseCommandLine()
#1 C:\Users\91941\Desktop\htdocs\codeignitor\system\CLI\CLI.php(1018): CodeIgniter\CLI\CLI::init()
#2 C:\Users\91941\Desktop\htdocs\codeignitor\system\Autoloader\Autoloader.php(282): include_once('C:\\Users\\91941\\...')
#3 C:\Users\91941\Desktop\htdocs\codeignitor\system\Autoloader\Autoloader.php(259): CodeIgniter\Autoloader\Autoloader->includeFile('C:\\Users\\91941\\...')
#4 C:\Users\91941\Desktop\htdocs\codeignitor\system\Autoloader\Autoloader.php(237): CodeIgniter\Autoloader\Autoloader->loadInNamespace('CodeIgniter\\CLI...')
#5 C:\Users\91941\Desktop\htdocs\codeignitor\app\Views\errors\cli\error_exception.php(6): CodeIgniter\Autoloader\Autoloader->loadClass('CodeIgniter\\CLI...')
#6 C:\Users\91941\Desktop\htdocs\codeignitor\system\Debug\Exceptions.php(284): include('C:\\Users\\91941\\...')
#7 C:\Users\91941\Desktop\htdocs\codeignitor\system\Debug\Exceptions.php(287): CodeIgniter\Debug\Exceptions->CodeIgniter\Debug\{closure}()
#8 C:\Users\91941\Desktop\htdocs\codeignitor\system\Debug\Exceptions.php(139): CodeIgniter\Debug\Exceptions->render(Object(CodeIgniter\Exceptions\FrameworkException), 500)
#9 [internal function]: CodeIgniter\Debug\Exceptions->exceptionHandler(Object(CodeIgniter\Exceptions\FrameworkException))
#10 {main}
  thrown
in SYSTEMPATH\CLI\CLI.php on line 776.
 1 [internal function]: CodeIgniter\Debug\Exceptions->shutdownHandler()
CRITICAL - 2022-11-09 16:59:32 --> The framework needs the following extension(s) installed and loaded: curl, intl, mbstring.
in SYSTEMPATH\CodeIgniter.php on line 224.
 1 SYSTEMPATH\CodeIgniter.php(224): CodeIgniter\Exceptions\FrameworkException::forMissingExtension('curl, intl, mbstring')
 2 SYSTEMPATH\CodeIgniter.php(182): CodeIgniter\CodeIgniter->resolvePlatformExtensions()
 3 ROOTPATH\spark(83): CodeIgniter\CodeIgniter->initialize()
CRITICAL - 2022-11-09 16:59:32 --> Uncaught Error: Call to undefined function CodeIgniter\CLI\mb_strpos() in C:\Users\91941\Desktop\htdocs\codeignitor\system\CLI\CLI.php:776
Stack trace:
#0 C:\Users\91941\Desktop\htdocs\codeignitor\system\CLI\CLI.php(161): CodeIgniter\CLI\CLI::parseCommandLine()
#1 C:\Users\91941\Desktop\htdocs\codeignitor\system\CLI\CLI.php(1018): CodeIgniter\CLI\CLI::init()
#2 C:\Users\91941\Desktop\htdocs\codeignitor\system\Autoloader\Autoloader.php(282): include_once('C:\\Users\\91941\\...')
#3 C:\Users\91941\Desktop\htdocs\codeignitor\system\Autoloader\Autoloader.php(259): CodeIgniter\Autoloader\Autoloader->includeFile('C:\\Users\\91941\\...')
#4 C:\Users\91941\Desktop\htdocs\codeignitor\system\Autoloader\Autoloader.php(237): CodeIgniter\Autoloader\Autoloader->loadInNamespace('CodeIgniter\\CLI...')
#5 C:\Users\91941\Desktop\htdocs\codeignitor\app\Views\errors\cli\error_exception.php(6): CodeIgniter\Autoloader\Autoloader->loadClass('CodeIgniter\\CLI...')
#6 C:\Users\91941\Desktop\htdocs\codeignitor\system\Debug\Exceptions.php(284): include('C:\\Users\\91941\\...')
#7 C:\Users\91941\Desktop\htdocs\codeignitor\system\Debug\Exceptions.php(287): CodeIgniter\Debug\Exceptions->CodeIgniter\Debug\{closure}()
#8 C:\Users\91941\Desktop\htdocs\codeignitor\system\Debug\Exceptions.php(139): CodeIgniter\Debug\Exceptions->render(Object(CodeIgniter\Exceptions\FrameworkException), 500)
#9 [internal function]: CodeIgniter\Debug\Exceptions->exceptionHandler(Object(CodeIgniter\Exceptions\FrameworkException))
#10 {main}
  thrown
in SYSTEMPATH\CLI\CLI.php on line 776.
 1 [internal function]: CodeIgniter\Debug\Exceptions->shutdownHandler()
